{"/home/jgrewe/projects/zenmusic/index.js":{"path":"/home/jgrewe/projects/zenmusic/index.js","s":{"1":1,"2":1,"3":1,"4":1,"5":1,"6":1,"7":1,"8":1,"9":1,"10":1,"11":1,"12":1,"13":1,"14":1,"15":1,"16":1,"17":1,"18":1,"19":1,"20":1,"21":1,"22":1,"23":1,"24":1,"25":1,"26":1,"27":1,"28":1,"29":1,"30":1,"31":1,"32":0,"33":0,"34":0,"35":0,"36":0,"37":0,"38":0,"39":0,"40":0,"41":0,"42":0,"43":0,"44":0,"45":0,"46":0,"47":0,"48":0,"49":0,"50":0,"51":0,"52":0,"53":0,"54":0,"55":1,"56":0,"57":0,"58":0,"59":0,"60":0,"61":0,"62":0,"63":0,"64":0,"65":0,"66":0,"67":0,"68":0,"69":0,"70":0,"71":0,"72":0,"73":0,"74":0,"75":0,"76":0,"77":0,"78":0,"79":0,"80":0,"81":0,"82":0,"83":0,"84":0,"85":0,"86":0,"87":0,"88":0,"89":0,"90":0,"91":0,"92":0,"93":0,"94":0,"95":0,"96":0,"97":0,"98":0,"99":0,"100":0,"101":0,"102":0,"103":0,"104":0,"105":0,"106":0,"107":0,"108":0,"109":0,"110":0,"111":0,"112":0,"113":0,"114":0,"115":0,"116":0,"117":0,"118":0,"119":0,"120":0,"121":0,"122":1,"123":0,"124":1,"125":1,"126":0,"127":0,"128":0,"129":1,"130":0,"131":0,"132":0,"133":0,"134":0,"135":0,"136":0,"137":0,"138":0,"139":0,"140":0,"141":0,"142":0,"143":0,"144":1,"145":0,"146":0,"147":0,"148":0,"149":1,"150":0,"151":0,"152":0,"153":0,"154":0,"155":0,"156":0,"157":0,"158":0,"159":0,"160":0,"161":0,"162":0,"163":0,"164":0,"165":0,"166":0,"167":0,"168":1,"169":0,"170":0,"171":0,"172":0,"173":0,"174":0,"175":0,"176":0,"177":0,"178":0,"179":0,"180":0,"181":0,"182":0,"183":0,"184":0,"185":0,"186":0,"187":0,"188":0,"189":0,"190":0,"191":0,"192":0,"193":0,"194":0,"195":0,"196":0,"197":1,"198":0,"199":0,"200":0,"201":0,"202":0,"203":0,"204":0,"205":0,"206":0,"207":0,"208":0,"209":1,"210":0,"211":0,"212":1,"213":0,"214":0,"215":0,"216":0,"217":0,"218":0,"219":1,"220":0,"221":0,"222":1,"223":0,"224":0,"225":0,"226":0,"227":0,"228":0,"229":0,"230":0,"231":0,"232":1,"233":0,"234":0,"235":0,"236":0,"237":0,"238":0,"239":0,"240":0,"241":1,"242":0,"243":0,"244":0,"245":0,"246":0,"247":0,"248":0,"249":0,"250":1,"251":0,"252":0,"253":0,"254":0,"255":0,"256":1,"257":0,"258":0,"259":1,"260":0,"261":0,"262":0,"263":0,"264":0,"265":0,"266":0,"267":0,"268":1,"269":0,"270":0,"271":0,"272":0,"273":0,"274":0,"275":0,"276":0,"277":0,"278":0,"279":0,"280":0,"281":0,"282":0,"283":0,"284":0,"285":0,"286":0,"287":1,"288":0,"289":0,"290":0,"291":0,"292":0,"293":0,"294":0,"295":0,"296":0,"297":0,"298":0,"299":0,"300":0,"301":0,"302":0,"303":0,"304":1,"305":0,"306":0,"307":0,"308":0,"309":0,"310":0,"311":0,"312":0,"313":0,"314":0,"315":0,"316":0,"317":0,"318":0,"319":0,"320":0,"321":0,"322":0,"323":0,"324":0,"325":0,"326":0,"327":0,"328":0,"329":0,"330":0,"331":0,"332":0,"333":0,"334":0,"335":0,"336":0,"337":0,"338":0,"339":0,"340":0,"341":0,"342":0,"343":0,"344":0,"345":0,"346":0,"347":0,"348":1,"349":0,"350":0,"351":0,"352":0,"353":0,"354":0,"355":0,"356":0,"357":0,"358":0,"359":0,"360":0,"361":0,"362":0,"363":0,"364":0,"365":0,"366":0,"367":0,"368":0,"369":0,"370":0,"371":0,"372":0,"373":0,"374":0,"375":0,"376":0,"377":0,"378":0,"379":0,"380":0,"381":0,"382":0,"383":0,"384":0,"385":0,"386":0,"387":0,"388":0,"389":0,"390":0,"391":0,"392":0,"393":0,"394":0,"395":0,"396":0,"397":0,"398":0,"399":0,"400":0,"401":0,"402":0,"403":0,"404":1,"405":0,"406":0,"407":0,"408":0,"409":0,"410":0,"411":0,"412":0,"413":0,"414":0,"415":0,"416":0,"417":0,"418":0,"419":0,"420":0,"421":0,"422":0,"423":0,"424":0,"425":1,"426":0,"427":0,"428":0,"429":0,"430":0,"431":0,"432":0,"433":0,"434":0,"435":0,"436":0,"437":0,"438":0,"439":0,"440":0,"441":0,"442":0,"443":0,"444":0,"445":0,"446":0,"447":0,"448":0,"449":0,"450":0,"451":0,"452":0,"453":0,"454":0,"455":0,"456":0,"457":1,"458":0,"459":0,"460":0,"461":0,"462":0,"463":0,"464":0,"465":0,"466":0,"467":0,"468":0,"469":0,"470":0,"471":0,"472":1,"473":8},"b":{"1":[1,0],"2":[0,0],"3":[0,0],"4":[0,0],"5":[0,0],"6":[0,0],"7":[0,0],"8":[0,0],"9":[0,0],"10":[0,0],"11":[0,0,0],"12":[0,0],"13":[0,0],"14":[0,0,0,0,0,0,0,0,0,0,0,0,0,0,0,0,0,0,0,0,0,0,0,0],"15":[0,0],"16":[0,0],"17":[0,0],"18":[0,0],"19":[0,0],"20":[0,0],"21":[0,0],"22":[0,0],"23":[0,0],"24":[0,0],"25":[0,0],"26":[0,0],"27":[0,0],"28":[0,0],"29":[0,0],"30":[0,0],"31":[0,0],"32":[0,0],"33":[0,0],"34":[0,0],"35":[0,0],"36":[0,0],"37":[0,0],"38":[0,0],"39":[0,0],"40":[0,0],"41":[0,0],"42":[0,0],"43":[0,0],"44":[0,0],"45":[0,0],"46":[0,0],"47":[0,0],"48":[0,0],"49":[0,0],"50":[0,0],"51":[0,0],"52":[0,0],"53":[0,0],"54":[0,0],"55":[0,0],"56":[0,0],"57":[0,0],"58":[0,0],"59":[0,0],"60":[0,0],"61":[0,0],"62":[0,0],"63":[0,0],"64":[0,0],"65":[0,0,0],"66":[0,0],"67":[0,0],"68":[0,0],"69":[0,0],"70":[0,0],"71":[0,0],"72":[0,0],"73":[0,0],"74":[0,0],"75":[0,0],"76":[0,0],"77":[0,0],"78":[0,0],"79":[0,0,0],"80":[0,0],"81":[0,0],"82":[0,0],"83":[0,0],"84":[0,0],"85":[0,0],"86":[0,0],"87":[0,0],"88":[0,0],"89":[0,0],"90":[0,0],"91":[0,0],"92":[0,0],"93":[0,0]},"f":{"1":1,"2":0,"3":0,"4":0,"5":0,"6":0,"7":0,"8":0,"9":0,"10":0,"11":0,"12":0,"13":0,"14":0,"15":0,"16":0,"17":0,"18":0,"19":0,"20":0,"21":0,"22":0,"23":0,"24":0,"25":0,"26":0,"27":0,"28":0,"29":0,"30":0,"31":0,"32":0,"33":0,"34":0,"35":0,"36":0,"37":0,"38":0,"39":0,"40":0,"41":0,"42":0,"43":0,"44":0,"45":0,"46":0,"47":0,"48":0,"49":0,"50":0,"51":0,"52":0,"53":0,"54":0,"55":0,"56":0,"57":0,"58":0,"59":0,"60":0,"61":8},"fnMap":{"1":{"name":"fsStat","line":52,"loc":{"start":{"line":52,"column":23},"end":{"line":52,"column":51}}},"2":{"name":"(anonymous_2)","line":70,"loc":{"start":{"line":70,"column":17},"end":{"line":70,"column":28}}},"3":{"name":"(anonymous_3)","line":75,"loc":{"start":{"line":75,"column":16},"end":{"line":75,"column":27}}},"4":{"name":"(anonymous_4)","line":88,"loc":{"start":{"line":88,"column":14},"end":{"line":88,"column":25}}},"5":{"name":"(anonymous_5)","line":212,"loc":{"start":{"line":212,"column":61},"end":{"line":212,"column":79}}},"6":{"name":"(anonymous_6)","line":219,"loc":{"start":{"line":219,"column":18},"end":{"line":219,"column":34}}},"7":{"name":"_getVolume","line":227,"loc":{"start":{"line":227,"column":0},"end":{"line":227,"column":29}}},"8":{"name":"(anonymous_8)","line":229,"loc":{"start":{"line":229,"column":20},"end":{"line":229,"column":39}}},"9":{"name":"_setVolume","line":235,"loc":{"start":{"line":235,"column":0},"end":{"line":235,"column":36}}},"10":{"name":"(anonymous_10)","line":253,"loc":{"start":{"line":253,"column":33},"end":{"line":253,"column":53}}},"11":{"name":"_getQueue","line":261,"loc":{"start":{"line":261,"column":0},"end":{"line":261,"column":21}}},"12":{"name":"(anonymous_12)","line":263,"loc":{"start":{"line":263,"column":18},"end":{"line":263,"column":41}}},"13":{"name":"_showQueue","line":269,"loc":{"start":{"line":269,"column":0},"end":{"line":269,"column":33}}},"14":{"name":"(anonymous_14)","line":270,"loc":{"start":{"line":270,"column":18},"end":{"line":270,"column":41}}},"15":{"name":"(anonymous_15)","line":282,"loc":{"start":{"line":282,"column":35},"end":{"line":282,"column":56}}},"16":{"name":"(anonymous_16)","line":286,"loc":{"start":{"line":286,"column":20},"end":{"line":286,"column":37}}},"17":{"name":"_gong","line":306,"loc":{"start":{"line":306,"column":0},"end":{"line":306,"column":34}}},"18":{"name":"(anonymous_18)","line":310,"loc":{"start":{"line":310,"column":32},"end":{"line":310,"column":53}}},"19":{"name":"_gongcheck","line":352,"loc":{"start":{"line":352,"column":0},"end":{"line":352,"column":39}}},"20":{"name":"(anonymous_20)","line":355,"loc":{"start":{"line":355,"column":30},"end":{"line":355,"column":51}}},"21":{"name":"_ungong","line":377,"loc":{"start":{"line":377,"column":0},"end":{"line":377,"column":36}}},"22":{"name":"_previous","line":383,"loc":{"start":{"line":383,"column":0},"end":{"line":383,"column":35}}},"23":{"name":"(anonymous_23)","line":389,"loc":{"start":{"line":389,"column":19},"end":{"line":389,"column":43}}},"24":{"name":"_help","line":394,"loc":{"start":{"line":394,"column":0},"end":{"line":394,"column":31}}},"25":{"name":"_play","line":418,"loc":{"start":{"line":418,"column":0},"end":{"line":418,"column":31}}},"26":{"name":"(anonymous_26)","line":424,"loc":{"start":{"line":424,"column":22},"end":{"line":424,"column":45}}},"27":{"name":"(anonymous_27)","line":425,"loc":{"start":{"line":425,"column":19},"end":{"line":425,"column":43}}},"28":{"name":"_stop","line":434,"loc":{"start":{"line":434,"column":0},"end":{"line":434,"column":31}}},"29":{"name":"(anonymous_29)","line":440,"loc":{"start":{"line":440,"column":15},"end":{"line":440,"column":39}}},"30":{"name":"_flush","line":448,"loc":{"start":{"line":448,"column":0},"end":{"line":448,"column":32}}},"31":{"name":"(anonymous_31)","line":454,"loc":{"start":{"line":454,"column":16},"end":{"line":454,"column":40}}},"32":{"name":"_say","line":464,"loc":{"start":{"line":464,"column":0},"end":{"line":464,"column":30}}},"33":{"name":"(anonymous_33)","line":473,"loc":{"start":{"line":473,"column":25},"end":{"line":473,"column":49}}},"34":{"name":"_gongPlay","line":479,"loc":{"start":{"line":479,"column":0},"end":{"line":479,"column":28}}},"35":{"name":"(anonymous_35)","line":480,"loc":{"start":{"line":480,"column":93},"end":{"line":480,"column":117}}},"36":{"name":"_nextTrack","line":486,"loc":{"start":{"line":486,"column":0},"end":{"line":486,"column":54}}},"37":{"name":"(anonymous_37)","line":492,"loc":{"start":{"line":492,"column":15},"end":{"line":492,"column":38}}},"38":{"name":"_currentTrack","line":501,"loc":{"start":{"line":501,"column":0},"end":{"line":501,"column":36}}},"39":{"name":"(anonymous_39)","line":502,"loc":{"start":{"line":502,"column":23},"end":{"line":502,"column":44}}},"40":{"name":"_currentTrackTitle","line":530,"loc":{"start":{"line":530,"column":0},"end":{"line":530,"column":41}}},"41":{"name":"(anonymous_41)","line":531,"loc":{"start":{"line":531,"column":23},"end":{"line":531,"column":44}}},"42":{"name":"_append","line":562,"loc":{"start":{"line":562,"column":0},"end":{"line":562,"column":33}}},"43":{"name":"(anonymous_43)","line":595,"loc":{"start":{"line":595,"column":38},"end":{"line":595,"column":60}}},"44":{"name":"(anonymous_44)","line":606,"loc":{"start":{"line":606,"column":51},"end":{"line":606,"column":71}}},"45":{"name":"(anonymous_45)","line":619,"loc":{"start":{"line":619,"column":54},"end":{"line":619,"column":77}}},"46":{"name":"(anonymous_46)","line":620,"loc":{"start":{"line":620,"column":51},"end":{"line":620,"column":75}}},"47":{"name":"_add","line":652,"loc":{"start":{"line":652,"column":0},"end":{"line":652,"column":30}}},"48":{"name":"(anonymous_48)","line":707,"loc":{"start":{"line":707,"column":30},"end":{"line":707,"column":52}}},"49":{"name":"(anonymous_49)","line":713,"loc":{"start":{"line":713,"column":32},"end":{"line":713,"column":56}}},"50":{"name":"(anonymous_50)","line":722,"loc":{"start":{"line":722,"column":51},"end":{"line":722,"column":71}}},"51":{"name":"(anonymous_51)","line":735,"loc":{"start":{"line":735,"column":54},"end":{"line":735,"column":77}}},"52":{"name":"(anonymous_52)","line":736,"loc":{"start":{"line":736,"column":51},"end":{"line":736,"column":75}}},"53":{"name":"(anonymous_53)","line":753,"loc":{"start":{"line":753,"column":43},"end":{"line":753,"column":63}}},"54":{"name":"_search","line":819,"loc":{"start":{"line":819,"column":0},"end":{"line":819,"column":33}}},"55":{"name":"_vote","line":859,"loc":{"start":{"line":859,"column":0},"end":{"line":859,"column":40}}},"56":{"name":"(anonymous_56)","line":861,"loc":{"start":{"line":861,"column":19},"end":{"line":861,"column":42}}},"57":{"name":"(anonymous_57)","line":898,"loc":{"start":{"line":898,"column":32},"end":{"line":898,"column":54}}},"58":{"name":"(anonymous_58)","line":899,"loc":{"start":{"line":899,"column":113},"end":{"line":899,"column":136}}},"59":{"name":"_status","line":917,"loc":{"start":{"line":917,"column":0},"end":{"line":917,"column":25}}},"60":{"name":"(anonymous_60)","line":918,"loc":{"start":{"line":918,"column":26},"end":{"line":918,"column":48}}},"61":{"name":"(anonymous_61)","line":979,"loc":{"start":{"line":979,"column":17},"end":{"line":979,"column":42}}}},"statementMap":{"1":{"start":{"line":1,"column":0},"end":{"line":1,"column":23}},"2":{"start":{"line":2,"column":0},"end":{"line":2,"column":34}},"3":{"start":{"line":3,"column":0},"end":{"line":3,"column":31}},"4":{"start":{"line":4,"column":0},"end":{"line":6,"column":2}},"5":{"start":{"line":7,"column":0},"end":{"line":7,"column":39}},"6":{"start":{"line":8,"column":0},"end":{"line":8,"column":42}},"7":{"start":{"line":9,"column":0},"end":{"line":9,"column":36}},"8":{"start":{"line":10,"column":0},"end":{"line":10,"column":30}},"9":{"start":{"line":11,"column":0},"end":{"line":11,"column":48}},"10":{"start":{"line":12,"column":0},"end":{"line":12,"column":40}},"11":{"start":{"line":13,"column":0},"end":{"line":13,"column":37}},"12":{"start":{"line":14,"column":0},"end":{"line":14,"column":36}},"13":{"start":{"line":15,"column":0},"end":{"line":15,"column":25}},"14":{"start":{"line":17,"column":0},"end":{"line":17,"column":24}},"15":{"start":{"line":19,"column":0},"end":{"line":19,"column":20}},"16":{"start":{"line":20,"column":0},"end":{"line":20,"column":18}},"17":{"start":{"line":21,"column":0},"end":{"line":21,"column":25}},"18":{"start":{"line":22,"column":0},"end":{"line":22,"column":19}},"19":{"start":{"line":23,"column":0},"end":{"line":23,"column":181}},"20":{"start":{"line":25,"column":0},"end":{"line":25,"column":20}},"21":{"start":{"line":26,"column":0},"end":{"line":26,"column":18}},"22":{"start":{"line":27,"column":0},"end":{"line":27,"column":15}},"23":{"start":{"line":29,"column":0},"end":{"line":29,"column":19}},"24":{"start":{"line":52,"column":0},"end":{"line":56,"column":3}},"25":{"start":{"line":53,"column":4},"end":{"line":55,"column":5}},"26":{"start":{"line":54,"column":8},"end":{"line":54,"column":28}},"27":{"start":{"line":58,"column":0},"end":{"line":58,"column":53}},"28":{"start":{"line":59,"column":0},"end":{"line":59,"column":55}},"29":{"start":{"line":60,"column":0},"end":{"line":60,"column":65}},"30":{"start":{"line":62,"column":0},"end":{"line":67,"column":3}},"31":{"start":{"line":70,"column":0},"end":{"line":111,"column":3}},"32":{"start":{"line":71,"column":4},"end":{"line":71,"column":64}},"33":{"start":{"line":72,"column":4},"end":{"line":72,"column":33}},"34":{"start":{"line":73,"column":4},"end":{"line":73,"column":16}},"35":{"start":{"line":75,"column":4},"end":{"line":86,"column":9}},"36":{"start":{"line":76,"column":8},"end":{"line":76,"column":27}},"37":{"start":{"line":77,"column":8},"end":{"line":77,"column":30}},"38":{"start":{"line":78,"column":8},"end":{"line":78,"column":22}},"39":{"start":{"line":79,"column":8},"end":{"line":84,"column":9}},"40":{"start":{"line":80,"column":12},"end":{"line":80,"column":31}},"41":{"start":{"line":81,"column":12},"end":{"line":83,"column":13}},"42":{"start":{"line":82,"column":16},"end":{"line":82,"column":50}},"43":{"start":{"line":85,"column":8},"end":{"line":85,"column":24}},"44":{"start":{"line":88,"column":4},"end":{"line":99,"column":9}},"45":{"start":{"line":89,"column":8},"end":{"line":89,"column":27}},"46":{"start":{"line":90,"column":8},"end":{"line":90,"column":28}},"47":{"start":{"line":91,"column":8},"end":{"line":91,"column":22}},"48":{"start":{"line":92,"column":8},"end":{"line":97,"column":9}},"49":{"start":{"line":93,"column":12},"end":{"line":93,"column":29}},"50":{"start":{"line":94,"column":12},"end":{"line":96,"column":13}},"51":{"start":{"line":95,"column":16},"end":{"line":95,"column":42}},"52":{"start":{"line":98,"column":8},"end":{"line":98,"column":24}},"53":{"start":{"line":106,"column":4},"end":{"line":106,"column":50}},"54":{"start":{"line":109,"column":4},"end":{"line":109,"column":70}},"55":{"start":{"line":115,"column":0},"end":{"line":217,"column":3}},"56":{"start":{"line":116,"column":3},"end":{"line":116,"column":114}},"57":{"start":{"line":118,"column":4},"end":{"line":118,"column":71}},"58":{"start":{"line":119,"column":4},"end":{"line":119,"column":53}},"59":{"start":{"line":120,"column":4},"end":{"line":120,"column":18}},"60":{"start":{"line":121,"column":4},"end":{"line":121,"column":62}},"61":{"start":{"line":122,"column":4},"end":{"line":122,"column":77}},"62":{"start":{"line":123,"column":4},"end":{"line":123,"column":77}},"63":{"start":{"line":124,"column":4},"end":{"line":124,"column":94}},"64":{"start":{"line":125,"column":4},"end":{"line":125,"column":107}},"65":{"start":{"line":126,"column":4},"end":{"line":216,"column":3}},"66":{"start":{"line":129,"column":8},"end":{"line":136,"column":9}},"67":{"start":{"line":130,"column":12},"end":{"line":130,"column":59}},"68":{"start":{"line":131,"column":12},"end":{"line":135,"column":13}},"69":{"start":{"line":132,"column":16},"end":{"line":132,"column":68}},"70":{"start":{"line":133,"column":16},"end":{"line":133,"column":92}},"71":{"start":{"line":134,"column":16},"end":{"line":134,"column":29}},"72":{"start":{"line":138,"column":8},"end":{"line":138,"column":32}},"73":{"start":{"line":139,"column":8},"end":{"line":139,"column":42}},"74":{"start":{"line":140,"column":8},"end":{"line":140,"column":34}},"75":{"start":{"line":141,"column":8},"end":{"line":207,"column":9}},"76":{"start":{"line":143,"column":16},"end":{"line":143,"column":37}},"77":{"start":{"line":144,"column":12},"end":{"line":144,"column":18}},"78":{"start":{"line":146,"column":16},"end":{"line":146,"column":40}},"79":{"start":{"line":147,"column":12},"end":{"line":147,"column":18}},"80":{"start":{"line":149,"column":16},"end":{"line":149,"column":40}},"81":{"start":{"line":150,"column":12},"end":{"line":150,"column":18}},"82":{"start":{"line":152,"column":16},"end":{"line":152,"column":36}},"83":{"start":{"line":153,"column":12},"end":{"line":153,"column":18}},"84":{"start":{"line":155,"column":16},"end":{"line":155,"column":42}},"85":{"start":{"line":156,"column":12},"end":{"line":156,"column":18}},"86":{"start":{"line":158,"column":16},"end":{"line":158,"column":38}},"87":{"start":{"line":159,"column":12},"end":{"line":159,"column":18}},"88":{"start":{"line":161,"column":16},"end":{"line":161,"column":39}},"89":{"start":{"line":162,"column":12},"end":{"line":162,"column":18}},"90":{"start":{"line":164,"column":16},"end":{"line":164,"column":38}},"91":{"start":{"line":165,"column":12},"end":{"line":165,"column":18}},"92":{"start":{"line":167,"column":16},"end":{"line":167,"column":38}},"93":{"start":{"line":168,"column":12},"end":{"line":168,"column":18}},"94":{"start":{"line":171,"column":16},"end":{"line":171,"column":41}},"95":{"start":{"line":172,"column":12},"end":{"line":172,"column":18}},"96":{"start":{"line":174,"column":16},"end":{"line":174,"column":46}},"97":{"start":{"line":175,"column":12},"end":{"line":175,"column":18}},"98":{"start":{"line":177,"column":16},"end":{"line":177,"column":43}},"99":{"start":{"line":178,"column":12},"end":{"line":178,"column":18}},"100":{"start":{"line":181,"column":12},"end":{"line":181,"column":18}},"101":{"start":{"line":183,"column":16},"end":{"line":183,"column":39}},"102":{"start":{"line":184,"column":12},"end":{"line":184,"column":18}},"103":{"start":{"line":186,"column":16},"end":{"line":186,"column":47}},"104":{"start":{"line":187,"column":12},"end":{"line":187,"column":18}},"105":{"start":{"line":189,"column":16},"end":{"line":189,"column":42}},"106":{"start":{"line":190,"column":12},"end":{"line":190,"column":18}},"107":{"start":{"line":194,"column":16},"end":{"line":194,"column":36}},"108":{"start":{"line":195,"column":12},"end":{"line":195,"column":18}},"109":{"start":{"line":197,"column":16},"end":{"line":197,"column":36}},"110":{"start":{"line":198,"column":12},"end":{"line":198,"column":18}},"111":{"start":{"line":200,"column":16},"end":{"line":200,"column":43}},"112":{"start":{"line":201,"column":12},"end":{"line":201,"column":18}},"113":{"start":{"line":203,"column":16},"end":{"line":203,"column":33}},"114":{"start":{"line":204,"column":12},"end":{"line":204,"column":18}},"115":{"start":{"line":206,"column":12},"end":{"line":206,"column":18}},"116":{"start":{"line":209,"column":8},"end":{"line":209,"column":80}},"117":{"start":{"line":210,"column":8},"end":{"line":210,"column":64}},"118":{"start":{"line":211,"column":8},"end":{"line":211,"column":73}},"119":{"start":{"line":212,"column":8},"end":{"line":214,"column":21}},"120":{"start":{"line":213,"column":12},"end":{"line":213,"column":36}},"121":{"start":{"line":215,"column":8},"end":{"line":215,"column":59}},"122":{"start":{"line":219,"column":0},"end":{"line":221,"column":3}},"123":{"start":{"line":220,"column":4},"end":{"line":220,"column":44}},"124":{"start":{"line":223,"column":0},"end":{"line":223,"column":14}},"125":{"start":{"line":227,"column":0},"end":{"line":233,"column":1}},"126":{"start":{"line":229,"column":4},"end":{"line":232,"column":7}},"127":{"start":{"line":230,"column":8},"end":{"line":230,"column":30}},"128":{"start":{"line":231,"column":8},"end":{"line":231,"column":78}},"129":{"start":{"line":235,"column":0},"end":{"line":259,"column":1}},"130":{"start":{"line":236,"column":4},"end":{"line":240,"column":5}},"131":{"start":{"line":237,"column":8},"end":{"line":237,"column":63}},"132":{"start":{"line":238,"column":8},"end":{"line":238,"column":81}},"133":{"start":{"line":239,"column":8},"end":{"line":239,"column":14}},"134":{"start":{"line":242,"column":4},"end":{"line":242,"column":23}},"135":{"start":{"line":244,"column":4},"end":{"line":257,"column":5}},"136":{"start":{"line":245,"column":8},"end":{"line":245,"column":47}},"137":{"start":{"line":246,"column":8},"end":{"line":246,"column":15}},"138":{"start":{"line":248,"column":8},"end":{"line":248,"column":26}},"139":{"start":{"line":249,"column":8},"end":{"line":249,"column":25}},"140":{"start":{"line":250,"column":8},"end":{"line":256,"column":9}},"141":{"start":{"line":251,"column":12},"end":{"line":251,"column":96}},"142":{"start":{"line":253,"column":12},"end":{"line":255,"column":15}},"143":{"start":{"line":254,"column":16},"end":{"line":254,"column":36}},"144":{"start":{"line":261,"column":0},"end":{"line":267,"column":1}},"145":{"start":{"line":262,"column":4},"end":{"line":262,"column":19}},"146":{"start":{"line":263,"column":3},"end":{"line":265,"column":7}},"147":{"start":{"line":264,"column":8},"end":{"line":264,"column":22}},"148":{"start":{"line":266,"column":4},"end":{"line":266,"column":15}},"149":{"start":{"line":269,"column":0},"end":{"line":301,"column":1}},"150":{"start":{"line":270,"column":3},"end":{"line":300,"column":7}},"151":{"start":{"line":271,"column":8},"end":{"line":299,"column":9}},"152":{"start":{"line":272,"column":12},"end":{"line":274,"column":13}},"153":{"start":{"line":273,"column":16},"end":{"line":273,"column":35}},"154":{"start":{"line":275,"column":12},"end":{"line":275,"column":28}},"155":{"start":{"line":276,"column":12},"end":{"line":276,"column":71}},"156":{"start":{"line":279,"column":12},"end":{"line":281,"column":13}},"157":{"start":{"line":280,"column":16},"end":{"line":280,"column":46}},"158":{"start":{"line":282,"column":12},"end":{"line":298,"column":15}},"159":{"start":{"line":283,"column":16},"end":{"line":284,"column":41}},"160":{"start":{"line":285,"column":16},"end":{"line":296,"column":17}},"161":{"start":{"line":287,"column":24},"end":{"line":287,"column":40}},"162":{"start":{"line":288,"column":24},"end":{"line":294,"column":25}},"163":{"start":{"line":289,"column":16},"end":{"line":289,"column":81}},"164":{"start":{"line":290,"column":16},"end":{"line":290,"column":58}},"165":{"start":{"line":292,"column":28},"end":{"line":292,"column":81}},"166":{"start":{"line":293,"column":28},"end":{"line":293,"column":70}},"167":{"start":{"line":297,"column":16},"end":{"line":297,"column":55}},"168":{"start":{"line":306,"column":0},"end":{"line":350,"column":1}},"169":{"start":{"line":308,"column":2},"end":{"line":308,"column":26}},"170":{"start":{"line":310,"column":4},"end":{"line":349,"column":7}},"171":{"start":{"line":311,"column":8},"end":{"line":311,"column":47}},"172":{"start":{"line":314,"column":8},"end":{"line":314,"column":65}},"173":{"start":{"line":315,"column":8},"end":{"line":315,"column":65}},"174":{"start":{"line":316,"column":8},"end":{"line":316,"column":49}},"175":{"start":{"line":317,"column":8},"end":{"line":317,"column":65}},"176":{"start":{"line":318,"column":8},"end":{"line":318,"column":45}},"177":{"start":{"line":319,"column":8},"end":{"line":319,"column":53}},"178":{"start":{"line":322,"column":8},"end":{"line":348,"column":9}},"179":{"start":{"line":323,"column":12},"end":{"line":323,"column":35}},"180":{"start":{"line":324,"column":12},"end":{"line":324,"column":26}},"181":{"start":{"line":325,"column":12},"end":{"line":325,"column":143}},"182":{"start":{"line":326,"column":12},"end":{"line":332,"column":13}},"183":{"start":{"line":327,"column":16},"end":{"line":327,"column":73}},"184":{"start":{"line":329,"column":16},"end":{"line":329,"column":41}},"185":{"start":{"line":330,"column":16},"end":{"line":330,"column":32}},"186":{"start":{"line":331,"column":16},"end":{"line":331,"column":28}},"187":{"start":{"line":334,"column":12},"end":{"line":347,"column":13}},"188":{"start":{"line":335,"column":16},"end":{"line":335,"column":98}},"189":{"start":{"line":337,"column":16},"end":{"line":337,"column":61}},"190":{"start":{"line":338,"column":16},"end":{"line":338,"column":30}},"191":{"start":{"line":339,"column":16},"end":{"line":339,"column":147}},"192":{"start":{"line":340,"column":16},"end":{"line":346,"column":17}},"193":{"start":{"line":341,"column":20},"end":{"line":341,"column":76}},"194":{"start":{"line":343,"column":20},"end":{"line":343,"column":39}},"195":{"start":{"line":344,"column":21},"end":{"line":344,"column":37}},"196":{"start":{"line":345,"column":21},"end":{"line":345,"column":33}},"197":{"start":{"line":352,"column":0},"end":{"line":374,"column":1}},"198":{"start":{"line":353,"column":4},"end":{"line":353,"column":33}},"199":{"start":{"line":355,"column":2},"end":{"line":373,"column":7}},"200":{"start":{"line":356,"column":6},"end":{"line":356,"column":50}},"201":{"start":{"line":358,"column":8},"end":{"line":358,"column":121}},"202":{"start":{"line":360,"column":8},"end":{"line":360,"column":25}},"203":{"start":{"line":361,"column":8},"end":{"line":367,"column":9}},"204":{"start":{"line":362,"column":12},"end":{"line":366,"column":13}},"205":{"start":{"line":363,"column":16},"end":{"line":363,"column":38}},"206":{"start":{"line":365,"column":16},"end":{"line":365,"column":31}},"207":{"start":{"line":369,"column":6},"end":{"line":371,"column":7}},"208":{"start":{"line":370,"column":8},"end":{"line":370,"column":69}},"209":{"start":{"line":377,"column":0},"end":{"line":380,"column":1}},"210":{"start":{"line":378,"column":4},"end":{"line":378,"column":30}},"211":{"start":{"line":379,"column":2},"end":{"line":379,"column":137}},"212":{"start":{"line":383,"column":0},"end":{"line":392,"column":1}},"213":{"start":{"line":384,"column":4},"end":{"line":388,"column":5}},"214":{"start":{"line":385,"column":8},"end":{"line":385,"column":63}},"215":{"start":{"line":386,"column":8},"end":{"line":386,"column":81}},"216":{"start":{"line":387,"column":8},"end":{"line":387,"column":14}},"217":{"start":{"line":389,"column":4},"end":{"line":391,"column":7}},"218":{"start":{"line":390,"column":8},"end":{"line":390,"column":35}},"219":{"start":{"line":394,"column":0},"end":{"line":416,"column":1}},"220":{"start":{"line":395,"column":4},"end":{"line":414,"column":29}},"221":{"start":{"line":415,"column":4},"end":{"line":415,"column":43}},"222":{"start":{"line":418,"column":0},"end":{"line":432,"column":1}},"223":{"start":{"line":419,"column":4},"end":{"line":423,"column":5}},"224":{"start":{"line":420,"column":8},"end":{"line":420,"column":63}},"225":{"start":{"line":421,"column":8},"end":{"line":421,"column":81}},"226":{"start":{"line":422,"column":8},"end":{"line":422,"column":14}},"227":{"start":{"line":424,"column":4},"end":{"line":431,"column":7}},"228":{"start":{"line":425,"column":8},"end":{"line":430,"column":15}},"229":{"start":{"line":426,"column":13},"end":{"line":426,"column":40}},"230":{"start":{"line":427,"column":16},"end":{"line":429,"column":17}},"231":{"start":{"line":428,"column":16},"end":{"line":428,"column":140}},"232":{"start":{"line":434,"column":0},"end":{"line":446,"column":1}},"233":{"start":{"line":435,"column":4},"end":{"line":439,"column":5}},"234":{"start":{"line":436,"column":8},"end":{"line":436,"column":63}},"235":{"start":{"line":437,"column":8},"end":{"line":437,"column":69}},"236":{"start":{"line":438,"column":8},"end":{"line":438,"column":14}},"237":{"start":{"line":440,"column":4},"end":{"line":445,"column":7}},"238":{"start":{"line":441,"column":8},"end":{"line":441,"column":35}},"239":{"start":{"line":442,"column":8},"end":{"line":444,"column":9}},"240":{"start":{"line":443,"column":12},"end":{"line":443,"column":58}},"241":{"start":{"line":448,"column":0},"end":{"line":460,"column":1}},"242":{"start":{"line":449,"column":4},"end":{"line":453,"column":5}},"243":{"start":{"line":450,"column":8},"end":{"line":450,"column":63}},"244":{"start":{"line":451,"column":8},"end":{"line":451,"column":81}},"245":{"start":{"line":452,"column":8},"end":{"line":452,"column":14}},"246":{"start":{"line":454,"column":4},"end":{"line":459,"column":7}},"247":{"start":{"line":455,"column":8},"end":{"line":455,"column":35}},"248":{"start":{"line":456,"column":8},"end":{"line":458,"column":9}},"249":{"start":{"line":457,"column":12},"end":{"line":457,"column":98}},"250":{"start":{"line":464,"column":0},"end":{"line":476,"column":1}},"251":{"start":{"line":465,"column":4},"end":{"line":465,"column":24}},"252":{"start":{"line":467,"column":4},"end":{"line":467,"column":35}},"253":{"start":{"line":471,"column":4},"end":{"line":471,"column":95}},"254":{"start":{"line":473,"column":4},"end":{"line":475,"column":7}},"255":{"start":{"line":474,"column":8},"end":{"line":474,"column":36}},"256":{"start":{"line":479,"column":0},"end":{"line":483,"column":1}},"257":{"start":{"line":480,"column":4},"end":{"line":482,"column":7}},"258":{"start":{"line":481,"column":8},"end":{"line":481,"column":35}},"259":{"start":{"line":486,"column":0},"end":{"line":499,"column":1}},"260":{"start":{"line":487,"column":4},"end":{"line":491,"column":5}},"261":{"start":{"line":488,"column":8},"end":{"line":488,"column":63}},"262":{"start":{"line":489,"column":8},"end":{"line":489,"column":81}},"263":{"start":{"line":490,"column":8},"end":{"line":490,"column":14}},"264":{"start":{"line":492,"column":4},"end":{"line":498,"column":7}},"265":{"start":{"line":493,"column":8},"end":{"line":497,"column":9}},"266":{"start":{"line":494,"column":12},"end":{"line":494,"column":29}},"267":{"start":{"line":496,"column":12},"end":{"line":496,"column":71}},"268":{"start":{"line":501,"column":0},"end":{"line":528,"column":1}},"269":{"start":{"line":502,"column":4},"end":{"line":527,"column":7}},"270":{"start":{"line":503,"column":8},"end":{"line":526,"column":9}},"271":{"start":{"line":504,"column":12},"end":{"line":504,"column":29}},"272":{"start":{"line":505,"column":12},"end":{"line":507,"column":13}},"273":{"start":{"line":506,"column":16},"end":{"line":506,"column":37}},"274":{"start":{"line":509,"column":12},"end":{"line":511,"column":13}},"275":{"start":{"line":510,"column":16},"end":{"line":510,"column":39}},"276":{"start":{"line":512,"column":12},"end":{"line":512,"column":31}},"277":{"start":{"line":513,"column":12},"end":{"line":513,"column":56}},"278":{"start":{"line":514,"column":12},"end":{"line":514,"column":54}},"279":{"start":{"line":515,"column":12},"end":{"line":515,"column":44}},"280":{"start":{"line":516,"column":12},"end":{"line":516,"column":54}},"281":{"start":{"line":518,"column":12},"end":{"line":518,"column":56}},"282":{"start":{"line":519,"column":12},"end":{"line":519,"column":54}},"283":{"start":{"line":520,"column":12},"end":{"line":520,"column":44}},"284":{"start":{"line":521,"column":12},"end":{"line":521,"column":54}},"285":{"start":{"line":524,"column":12},"end":{"line":524,"column":134}},"286":{"start":{"line":525,"column":12},"end":{"line":525,"column":51}},"287":{"start":{"line":530,"column":0},"end":{"line":560,"column":1}},"288":{"start":{"line":531,"column":4},"end":{"line":559,"column":7}},"289":{"start":{"line":532,"column":6},"end":{"line":532,"column":22}},"290":{"start":{"line":533,"column":8},"end":{"line":556,"column":9}},"291":{"start":{"line":534,"column":12},"end":{"line":534,"column":29}},"292":{"start":{"line":536,"column":12},"end":{"line":536,"column":33}},"293":{"start":{"line":537,"column":12},"end":{"line":537,"column":65}},"294":{"start":{"line":538,"column":12},"end":{"line":538,"column":72}},"295":{"start":{"line":540,"column":12},"end":{"line":552,"column":13}},"296":{"start":{"line":541,"column":14},"end":{"line":549,"column":15}},"297":{"start":{"line":542,"column":16},"end":{"line":542,"column":76}},"298":{"start":{"line":543,"column":16},"end":{"line":543,"column":32}},"299":{"start":{"line":544,"column":16},"end":{"line":544,"column":29}},"300":{"start":{"line":548,"column":18},"end":{"line":548,"column":83}},"301":{"start":{"line":551,"column":16},"end":{"line":551,"column":71}},"302":{"start":{"line":554,"column":12},"end":{"line":554,"column":31}},"303":{"start":{"line":558,"column":8},"end":{"line":558,"column":24}},"304":{"start":{"line":562,"column":0},"end":{"line":648,"column":1}},"305":{"start":{"line":564,"column":4},"end":{"line":564,"column":19}},"306":{"start":{"line":565,"column":4},"end":{"line":570,"column":5}},"307":{"start":{"line":566,"column":8},"end":{"line":566,"column":37}},"308":{"start":{"line":567,"column":8},"end":{"line":569,"column":9}},"309":{"start":{"line":568,"column":12},"end":{"line":568,"column":25}},"310":{"start":{"line":572,"column":4},"end":{"line":572,"column":125}},"311":{"start":{"line":573,"column":4},"end":{"line":573,"column":50}},"312":{"start":{"line":574,"column":4},"end":{"line":574,"column":22}},"313":{"start":{"line":575,"column":4},"end":{"line":645,"column":5}},"314":{"start":{"line":576,"column":8},"end":{"line":576,"column":43}},"315":{"start":{"line":577,"column":8},"end":{"line":577,"column":43}},"316":{"start":{"line":578,"column":8},"end":{"line":578,"column":70}},"317":{"start":{"line":580,"column":8},"end":{"line":580,"column":64}},"318":{"start":{"line":581,"column":8},"end":{"line":581,"column":97}},"319":{"start":{"line":595,"column":16},"end":{"line":642,"column":11}},"320":{"start":{"line":596,"column":12},"end":{"line":641,"column":9}},"321":{"start":{"line":597,"column":16},"end":{"line":597,"column":33}},"322":{"start":{"line":599,"column":24},"end":{"line":640,"column":21}},"323":{"start":{"line":606,"column":28},"end":{"line":628,"column":22}},"324":{"start":{"line":607,"column":32},"end":{"line":607,"column":49}},"325":{"start":{"line":608,"column":32},"end":{"line":615,"column":33}},"326":{"start":{"line":609,"column":36},"end":{"line":609,"column":86}},"327":{"start":{"line":610,"column":36},"end":{"line":610,"column":76}},"328":{"start":{"line":611,"column":36},"end":{"line":611,"column":146}},"329":{"start":{"line":613,"column":36},"end":{"line":613,"column":55}},"330":{"start":{"line":614,"column":36},"end":{"line":614,"column":53}},"331":{"start":{"line":616,"column":32},"end":{"line":616,"column":71}},"332":{"start":{"line":617,"column":32},"end":{"line":627,"column":33}},"333":{"start":{"line":619,"column":36},"end":{"line":626,"column":39}},"334":{"start":{"line":620,"column":40},"end":{"line":625,"column":43}},"335":{"start":{"line":621,"column":44},"end":{"line":621,"column":71}},"336":{"start":{"line":622,"column":44},"end":{"line":624,"column":45}},"337":{"start":{"line":623,"column":48},"end":{"line":623,"column":131}},"338":{"start":{"line":629,"column":35},"end":{"line":640,"column":21}},"339":{"start":{"line":631,"column":19},"end":{"line":631,"column":81}},"340":{"start":{"line":632,"column":31},"end":{"line":640,"column":21}},"341":{"start":{"line":633,"column":24},"end":{"line":633,"column":75}},"342":{"start":{"line":634,"column":27},"end":{"line":640,"column":21}},"343":{"start":{"line":635,"column":24},"end":{"line":635,"column":86}},"344":{"start":{"line":636,"column":27},"end":{"line":640,"column":21}},"345":{"start":{"line":637,"column":24},"end":{"line":637,"column":111}},"346":{"start":{"line":639,"column":22},"end":{"line":639,"column":102}},"347":{"start":{"line":644,"column":8},"end":{"line":644,"column":119}},"348":{"start":{"line":652,"column":0},"end":{"line":781,"column":1}},"349":{"start":{"line":654,"column":4},"end":{"line":654,"column":19}},"350":{"start":{"line":655,"column":4},"end":{"line":660,"column":5}},"351":{"start":{"line":656,"column":8},"end":{"line":656,"column":37}},"352":{"start":{"line":657,"column":8},"end":{"line":659,"column":9}},"353":{"start":{"line":658,"column":12},"end":{"line":658,"column":25}},"354":{"start":{"line":662,"column":4},"end":{"line":662,"column":125}},"355":{"start":{"line":663,"column":4},"end":{"line":663,"column":50}},"356":{"start":{"line":664,"column":4},"end":{"line":664,"column":22}},"357":{"start":{"line":665,"column":4},"end":{"line":778,"column":5}},"358":{"start":{"line":666,"column":8},"end":{"line":666,"column":43}},"359":{"start":{"line":667,"column":8},"end":{"line":667,"column":43}},"360":{"start":{"line":668,"column":8},"end":{"line":668,"column":70}},"361":{"start":{"line":670,"column":8},"end":{"line":670,"column":64}},"362":{"start":{"line":671,"column":8},"end":{"line":671,"column":97}},"363":{"start":{"line":707,"column":8},"end":{"line":775,"column":11}},"364":{"start":{"line":708,"column":12},"end":{"line":774,"column":13}},"365":{"start":{"line":709,"column":16},"end":{"line":709,"column":33}},"366":{"start":{"line":711,"column":16},"end":{"line":773,"column":17}},"367":{"start":{"line":713,"column":20},"end":{"line":746,"column":23}},"368":{"start":{"line":714,"column":24},"end":{"line":714,"column":51}},"369":{"start":{"line":715,"column":24},"end":{"line":745,"column":25}},"370":{"start":{"line":716,"column":28},"end":{"line":716,"column":109}},"371":{"start":{"line":722,"column":28},"end":{"line":744,"column":31}},"372":{"start":{"line":723,"column":32},"end":{"line":723,"column":49}},"373":{"start":{"line":724,"column":32},"end":{"line":731,"column":33}},"374":{"start":{"line":725,"column":36},"end":{"line":725,"column":86}},"375":{"start":{"line":726,"column":36},"end":{"line":726,"column":76}},"376":{"start":{"line":727,"column":36},"end":{"line":727,"column":146}},"377":{"start":{"line":729,"column":36},"end":{"line":729,"column":55}},"378":{"start":{"line":730,"column":36},"end":{"line":730,"column":53}},"379":{"start":{"line":732,"column":32},"end":{"line":732,"column":71}},"380":{"start":{"line":733,"column":32},"end":{"line":743,"column":33}},"381":{"start":{"line":735,"column":36},"end":{"line":742,"column":39}},"382":{"start":{"line":736,"column":40},"end":{"line":741,"column":43}},"383":{"start":{"line":737,"column":44},"end":{"line":737,"column":71}},"384":{"start":{"line":738,"column":44},"end":{"line":740,"column":45}},"385":{"start":{"line":739,"column":48},"end":{"line":739,"column":126}},"386":{"start":{"line":747,"column":23},"end":{"line":773,"column":17}},"387":{"start":{"line":753,"column":20},"end":{"line":764,"column":23}},"388":{"start":{"line":754,"column":24},"end":{"line":754,"column":41}},"389":{"start":{"line":755,"column":24},"end":{"line":762,"column":25}},"390":{"start":{"line":756,"column":28},"end":{"line":756,"column":78}},"391":{"start":{"line":757,"column":28},"end":{"line":757,"column":68}},"392":{"start":{"line":758,"column":28},"end":{"line":758,"column":138}},"393":{"start":{"line":760,"column":28},"end":{"line":760,"column":47}},"394":{"start":{"line":761,"column":28},"end":{"line":761,"column":45}},"395":{"start":{"line":763,"column":24},"end":{"line":763,"column":62}},"396":{"start":{"line":765,"column":23},"end":{"line":773,"column":17}},"397":{"start":{"line":766,"column":20},"end":{"line":766,"column":71}},"398":{"start":{"line":767,"column":23},"end":{"line":773,"column":17}},"399":{"start":{"line":768,"column":20},"end":{"line":768,"column":82}},"400":{"start":{"line":769,"column":23},"end":{"line":773,"column":17}},"401":{"start":{"line":770,"column":20},"end":{"line":770,"column":107}},"402":{"start":{"line":772,"column":18},"end":{"line":772,"column":98}},"403":{"start":{"line":777,"column":8},"end":{"line":777,"column":119}},"404":{"start":{"line":819,"column":0},"end":{"line":855,"column":1}},"405":{"start":{"line":821,"column":4},"end":{"line":821,"column":19}},"406":{"start":{"line":822,"column":4},"end":{"line":827,"column":5}},"407":{"start":{"line":823,"column":8},"end":{"line":823,"column":37}},"408":{"start":{"line":824,"column":8},"end":{"line":826,"column":9}},"409":{"start":{"line":825,"column":12},"end":{"line":825,"column":25}},"410":{"start":{"line":829,"column":4},"end":{"line":829,"column":125}},"411":{"start":{"line":830,"column":4},"end":{"line":830,"column":50}},"412":{"start":{"line":831,"column":4},"end":{"line":831,"column":22}},"413":{"start":{"line":832,"column":4},"end":{"line":854,"column":5}},"414":{"start":{"line":833,"column":8},"end":{"line":833,"column":28}},"415":{"start":{"line":835,"column":8},"end":{"line":846,"column":9}},"416":{"start":{"line":837,"column":12},"end":{"line":837,"column":49}},"417":{"start":{"line":838,"column":12},"end":{"line":838,"column":49}},"418":{"start":{"line":839,"column":12},"end":{"line":839,"column":76}},"419":{"start":{"line":841,"column":12},"end":{"line":841,"column":70}},"420":{"start":{"line":842,"column":12},"end":{"line":842,"column":105}},"421":{"start":{"line":844,"column":12},"end":{"line":844,"column":39}},"422":{"start":{"line":849,"column":8},"end":{"line":849,"column":144}},"423":{"start":{"line":850,"column":8},"end":{"line":850,"column":46}},"424":{"start":{"line":853,"column":8},"end":{"line":853,"column":76}},"425":{"start":{"line":859,"column":0},"end":{"line":915,"column":1}},"426":{"start":{"line":860,"column":4},"end":{"line":860,"column":55}},"427":{"start":{"line":861,"column":4},"end":{"line":914,"column":6}},"428":{"start":{"line":862,"column":8},"end":{"line":913,"column":9}},"429":{"start":{"line":863,"column":12},"end":{"line":863,"column":28}},"430":{"start":{"line":864,"column":12},"end":{"line":864,"column":71}},"431":{"start":{"line":866,"column":12},"end":{"line":912,"column":13}},"432":{"start":{"line":868,"column":16},"end":{"line":868,"column":42}},"433":{"start":{"line":869,"column":16},"end":{"line":911,"column":17}},"434":{"start":{"line":870,"column":20},"end":{"line":909,"column":21}},"435":{"start":{"line":872,"column":24},"end":{"line":872,"column":58}},"436":{"start":{"line":873,"column":24},"end":{"line":873,"column":42}},"437":{"start":{"line":874,"column":24},"end":{"line":880,"column":25}},"438":{"start":{"line":876,"column":28},"end":{"line":879,"column":29}},"439":{"start":{"line":878,"column":32},"end":{"line":878,"column":45}},"440":{"start":{"line":882,"column":24},"end":{"line":891,"column":25}},"441":{"start":{"line":884,"column":28},"end":{"line":884,"column":107}},"442":{"start":{"line":885,"column":28},"end":{"line":885,"column":34}},"443":{"start":{"line":888,"column":28},"end":{"line":888,"column":59}},"444":{"start":{"line":889,"column":28},"end":{"line":889,"column":92}},"445":{"start":{"line":890,"column":28},"end":{"line":890,"column":40}},"446":{"start":{"line":892,"column":24},"end":{"line":905,"column":25}},"447":{"start":{"line":894,"column":28},"end":{"line":894,"column":141}},"448":{"start":{"line":895,"column":28},"end":{"line":895,"column":51}},"449":{"start":{"line":897,"column":28},"end":{"line":904,"column":29}},"450":{"start":{"line":899,"column":36},"end":{"line":902,"column":38}},"451":{"start":{"line":900,"column":40},"end":{"line":901,"column":76}},"452":{"start":{"line":900,"column":50},"end":{"line":900,"column":66}},"453":{"start":{"line":901,"column":49},"end":{"line":901,"column":75}},"454":{"start":{"line":907,"column":24},"end":{"line":907,"column":53}},"455":{"start":{"line":908,"column":24},"end":{"line":908,"column":88}},"456":{"start":{"line":910,"column":20},"end":{"line":910,"column":26}},"457":{"start":{"line":917,"column":0},"end":{"line":937,"column":1}},"458":{"start":{"line":918,"column":4},"end":{"line":936,"column":11}},"459":{"start":{"line":919,"column":8},"end":{"line":935,"column":13}},"460":{"start":{"line":920,"column":16},"end":{"line":920,"column":33}},"461":{"start":{"line":922,"column":16},"end":{"line":934,"column":13}},"462":{"start":{"line":923,"column":18},"end":{"line":923,"column":79}},"463":{"start":{"line":924,"column":19},"end":{"line":934,"column":13}},"464":{"start":{"line":925,"column":16},"end":{"line":925,"column":66}},"465":{"start":{"line":926,"column":19},"end":{"line":934,"column":13}},"466":{"start":{"line":927,"column":16},"end":{"line":927,"column":67}},"467":{"start":{"line":928,"column":23},"end":{"line":934,"column":13}},"468":{"start":{"line":929,"column":16},"end":{"line":929,"column":78}},"469":{"start":{"line":930,"column":23},"end":{"line":934,"column":13}},"470":{"start":{"line":931,"column":16},"end":{"line":931,"column":103}},"471":{"start":{"line":933,"column":20},"end":{"line":933,"column":100}},"472":{"start":{"line":979,"column":0},"end":{"line":981,"column":2}},"473":{"start":{"line":980,"column":4},"end":{"line":980,"column":41}}},"branchMap":{"1":{"line":53,"type":"if","locations":[{"start":{"line":53,"column":4},"end":{"line":53,"column":4}},{"start":{"line":53,"column":4},"end":{"line":53,"column":4}}]},"2":{"line":81,"type":"if","locations":[{"start":{"line":81,"column":12},"end":{"line":81,"column":12}},{"start":{"line":81,"column":12},"end":{"line":81,"column":12}}]},"3":{"line":94,"type":"if","locations":[{"start":{"line":94,"column":12},"end":{"line":94,"column":12}},{"start":{"line":94,"column":12},"end":{"line":94,"column":12}}]},"4":{"line":94,"type":"binary-expr","locations":[{"start":{"line":94,"column":16},"end":{"line":94,"column":29}},{"start":{"line":94,"column":33},"end":{"line":94,"column":51}}]},"5":{"line":122,"type":"cond-expr","locations":[{"start":{"line":122,"column":68},"end":{"line":122,"column":71}},{"start":{"line":122,"column":74},"end":{"line":122,"column":76}}]},"6":{"line":122,"type":"cond-expr","locations":[{"start":{"line":122,"column":37},"end":{"line":122,"column":55}},{"start":{"line":122,"column":58},"end":{"line":122,"column":64}}]},"7":{"line":123,"type":"cond-expr","locations":[{"start":{"line":123,"column":43},"end":{"line":123,"column":55}},{"start":{"line":123,"column":58},"end":{"line":123,"column":75}}]},"8":{"line":124,"type":"cond-expr","locations":[{"start":{"line":124,"column":61},"end":{"line":124,"column":76}},{"start":{"line":124,"column":79},"end":{"line":124,"column":93}}]},"9":{"line":124,"type":"cond-expr","locations":[{"start":{"line":124,"column":31},"end":{"line":124,"column":40}},{"start":{"line":124,"column":43},"end":{"line":124,"column":49}}]},"10":{"line":126,"type":"if","locations":[{"start":{"line":126,"column":4},"end":{"line":126,"column":4}},{"start":{"line":126,"column":4},"end":{"line":126,"column":4}}]},"11":{"line":126,"type":"binary-expr","locations":[{"start":{"line":126,"column":8},"end":{"line":126,"column":26}},{"start":{"line":126,"column":31},"end":{"line":126,"column":43}},{"start":{"line":126,"column":49},"end":{"line":126,"column":64}}]},"12":{"line":129,"type":"if","locations":[{"start":{"line":129,"column":8},"end":{"line":129,"column":8}},{"start":{"line":129,"column":8},"end":{"line":129,"column":8}}]},"13":{"line":131,"type":"if","locations":[{"start":{"line":131,"column":12},"end":{"line":131,"column":12}},{"start":{"line":131,"column":12},"end":{"line":131,"column":12}}]},"14":{"line":141,"type":"switch","locations":[{"start":{"line":142,"column":12},"end":{"line":144,"column":18}},{"start":{"line":145,"column":12},"end":{"line":147,"column":18}},{"start":{"line":148,"column":12},"end":{"line":150,"column":18}},{"start":{"line":151,"column":12},"end":{"line":153,"column":18}},{"start":{"line":154,"column":12},"end":{"line":156,"column":18}},{"start":{"line":157,"column":12},"end":{"line":159,"column":18}},{"start":{"line":160,"column":12},"end":{"line":162,"column":18}},{"start":{"line":163,"column":12},"end":{"line":165,"column":18}},{"start":{"line":166,"column":12},"end":{"line":168,"column":18}},{"start":{"line":169,"column":12},"end":{"line":169,"column":24}},{"start":{"line":170,"column":12},"end":{"line":172,"column":18}},{"start":{"line":173,"column":12},"end":{"line":175,"column":18}},{"start":{"line":176,"column":12},"end":{"line":178,"column":18}},{"start":{"line":179,"column":12},"end":{"line":181,"column":18}},{"start":{"line":182,"column":12},"end":{"line":184,"column":18}},{"start":{"line":185,"column":12},"end":{"line":187,"column":18}},{"start":{"line":188,"column":12},"end":{"line":190,"column":18}},{"start":{"line":191,"column":12},"end":{"line":191,"column":24}},{"start":{"line":192,"column":12},"end":{"line":192,"column":22}},{"start":{"line":193,"column":12},"end":{"line":195,"column":18}},{"start":{"line":196,"column":12},"end":{"line":198,"column":18}},{"start":{"line":199,"column":12},"end":{"line":201,"column":18}},{"start":{"line":202,"column":12},"end":{"line":204,"column":18}},{"start":{"line":205,"column":12},"end":{"line":206,"column":18}}]},"15":{"line":209,"type":"cond-expr","locations":[{"start":{"line":209,"column":41},"end":{"line":209,"column":72}},{"start":{"line":209,"column":75},"end":{"line":209,"column":79}}]},"16":{"line":210,"type":"cond-expr","locations":[{"start":{"line":210,"column":35},"end":{"line":210,"column":56}},{"start":{"line":210,"column":59},"end":{"line":210,"column":63}}]},"17":{"line":211,"type":"cond-expr","locations":[{"start":{"line":211,"column":41},"end":{"line":211,"column":65}},{"start":{"line":211,"column":68},"end":{"line":211,"column":72}}]},"18":{"line":236,"type":"if","locations":[{"start":{"line":236,"column":4},"end":{"line":236,"column":4}},{"start":{"line":236,"column":4},"end":{"line":236,"column":4}}]},"19":{"line":244,"type":"if","locations":[{"start":{"line":244,"column":4},"end":{"line":244,"column":4}},{"start":{"line":244,"column":4},"end":{"line":244,"column":4}}]},"20":{"line":250,"type":"if","locations":[{"start":{"line":250,"column":8},"end":{"line":250,"column":8}},{"start":{"line":250,"column":8},"end":{"line":250,"column":8}}]},"21":{"line":271,"type":"if","locations":[{"start":{"line":271,"column":8},"end":{"line":271,"column":8}},{"start":{"line":271,"column":8},"end":{"line":271,"column":8}}]},"22":{"line":272,"type":"if","locations":[{"start":{"line":272,"column":12},"end":{"line":272,"column":12}},{"start":{"line":272,"column":12},"end":{"line":272,"column":12}}]},"23":{"line":279,"type":"if","locations":[{"start":{"line":279,"column":12},"end":{"line":279,"column":12}},{"start":{"line":279,"column":12},"end":{"line":279,"column":12}}]},"24":{"line":288,"type":"if","locations":[{"start":{"line":288,"column":24},"end":{"line":288,"column":24}},{"start":{"line":288,"column":24},"end":{"line":288,"column":24}}]},"25":{"line":322,"type":"if","locations":[{"start":{"line":322,"column":8},"end":{"line":322,"column":8}},{"start":{"line":322,"column":8},"end":{"line":322,"column":8}}]},"26":{"line":326,"type":"if","locations":[{"start":{"line":326,"column":12},"end":{"line":326,"column":12}},{"start":{"line":326,"column":12},"end":{"line":326,"column":12}}]},"27":{"line":334,"type":"if","locations":[{"start":{"line":334,"column":12},"end":{"line":334,"column":12}},{"start":{"line":334,"column":12},"end":{"line":334,"column":12}}]},"28":{"line":340,"type":"if","locations":[{"start":{"line":340,"column":16},"end":{"line":340,"column":16}},{"start":{"line":340,"column":16},"end":{"line":340,"column":16}}]},"29":{"line":362,"type":"if","locations":[{"start":{"line":362,"column":12},"end":{"line":362,"column":12}},{"start":{"line":362,"column":12},"end":{"line":362,"column":12}}]},"30":{"line":369,"type":"if","locations":[{"start":{"line":369,"column":6},"end":{"line":369,"column":6}},{"start":{"line":369,"column":6},"end":{"line":369,"column":6}}]},"31":{"line":384,"type":"if","locations":[{"start":{"line":384,"column":4},"end":{"line":384,"column":4}},{"start":{"line":384,"column":4},"end":{"line":384,"column":4}}]},"32":{"line":419,"type":"if","locations":[{"start":{"line":419,"column":4},"end":{"line":419,"column":4}},{"start":{"line":419,"column":4},"end":{"line":419,"column":4}}]},"33":{"line":427,"type":"if","locations":[{"start":{"line":427,"column":16},"end":{"line":427,"column":16}},{"start":{"line":427,"column":16},"end":{"line":427,"column":16}}]},"34":{"line":435,"type":"if","locations":[{"start":{"line":435,"column":4},"end":{"line":435,"column":4}},{"start":{"line":435,"column":4},"end":{"line":435,"column":4}}]},"35":{"line":442,"type":"if","locations":[{"start":{"line":442,"column":8},"end":{"line":442,"column":8}},{"start":{"line":442,"column":8},"end":{"line":442,"column":8}}]},"36":{"line":449,"type":"if","locations":[{"start":{"line":449,"column":4},"end":{"line":449,"column":4}},{"start":{"line":449,"column":4},"end":{"line":449,"column":4}}]},"37":{"line":456,"type":"if","locations":[{"start":{"line":456,"column":8},"end":{"line":456,"column":8}},{"start":{"line":456,"column":8},"end":{"line":456,"column":8}}]},"38":{"line":487,"type":"if","locations":[{"start":{"line":487,"column":4},"end":{"line":487,"column":4}},{"start":{"line":487,"column":4},"end":{"line":487,"column":4}}]},"39":{"line":487,"type":"binary-expr","locations":[{"start":{"line":487,"column":7},"end":{"line":487,"column":36}},{"start":{"line":487,"column":40},"end":{"line":487,"column":64}}]},"40":{"line":493,"type":"if","locations":[{"start":{"line":493,"column":8},"end":{"line":493,"column":8}},{"start":{"line":493,"column":8},"end":{"line":493,"column":8}}]},"41":{"line":503,"type":"if","locations":[{"start":{"line":503,"column":8},"end":{"line":503,"column":8}},{"start":{"line":503,"column":8},"end":{"line":503,"column":8}}]},"42":{"line":505,"type":"if","locations":[{"start":{"line":505,"column":12},"end":{"line":505,"column":12}},{"start":{"line":505,"column":12},"end":{"line":505,"column":12}}]},"43":{"line":509,"type":"if","locations":[{"start":{"line":509,"column":12},"end":{"line":509,"column":12}},{"start":{"line":509,"column":12},"end":{"line":509,"column":12}}]},"44":{"line":514,"type":"cond-expr","locations":[{"start":{"line":514,"column":38},"end":{"line":514,"column":42}},{"start":{"line":514,"column":45},"end":{"line":514,"column":53}}]},"45":{"line":516,"type":"cond-expr","locations":[{"start":{"line":516,"column":38},"end":{"line":516,"column":42}},{"start":{"line":516,"column":45},"end":{"line":516,"column":53}}]},"46":{"line":519,"type":"cond-expr","locations":[{"start":{"line":519,"column":38},"end":{"line":519,"column":42}},{"start":{"line":519,"column":45},"end":{"line":519,"column":53}}]},"47":{"line":521,"type":"cond-expr","locations":[{"start":{"line":521,"column":38},"end":{"line":521,"column":42}},{"start":{"line":521,"column":45},"end":{"line":521,"column":53}}]},"48":{"line":533,"type":"if","locations":[{"start":{"line":533,"column":8},"end":{"line":533,"column":8}},{"start":{"line":533,"column":8},"end":{"line":533,"column":8}}]},"49":{"line":540,"type":"if","locations":[{"start":{"line":540,"column":12},"end":{"line":540,"column":12}},{"start":{"line":540,"column":12},"end":{"line":540,"column":12}}]},"50":{"line":541,"type":"if","locations":[{"start":{"line":541,"column":14},"end":{"line":541,"column":14}},{"start":{"line":541,"column":14},"end":{"line":541,"column":14}}]},"51":{"line":567,"type":"if","locations":[{"start":{"line":567,"column":8},"end":{"line":567,"column":8}},{"start":{"line":567,"column":8},"end":{"line":567,"column":8}}]},"52":{"line":575,"type":"if","locations":[{"start":{"line":575,"column":4},"end":{"line":575,"column":4}},{"start":{"line":575,"column":4},"end":{"line":575,"column":4}}]},"53":{"line":575,"type":"binary-expr","locations":[{"start":{"line":575,"column":7},"end":{"line":575,"column":24}},{"start":{"line":575,"column":28},"end":{"line":575,"column":56}}]},"54":{"line":596,"type":"if","locations":[{"start":{"line":596,"column":12},"end":{"line":596,"column":12}},{"start":{"line":596,"column":12},"end":{"line":596,"column":12}}]},"55":{"line":599,"type":"if","locations":[{"start":{"line":599,"column":24},"end":{"line":599,"column":24}},{"start":{"line":599,"column":24},"end":{"line":599,"column":24}}]},"56":{"line":608,"type":"if","locations":[{"start":{"line":608,"column":32},"end":{"line":608,"column":32}},{"start":{"line":608,"column":32},"end":{"line":608,"column":32}}]},"57":{"line":617,"type":"if","locations":[{"start":{"line":617,"column":32},"end":{"line":617,"column":32}},{"start":{"line":617,"column":32},"end":{"line":617,"column":32}}]},"58":{"line":622,"type":"if","locations":[{"start":{"line":622,"column":44},"end":{"line":622,"column":44}},{"start":{"line":622,"column":44},"end":{"line":622,"column":44}}]},"59":{"line":629,"type":"if","locations":[{"start":{"line":629,"column":35},"end":{"line":629,"column":35}},{"start":{"line":629,"column":35},"end":{"line":629,"column":35}}]},"60":{"line":632,"type":"if","locations":[{"start":{"line":632,"column":31},"end":{"line":632,"column":31}},{"start":{"line":632,"column":31},"end":{"line":632,"column":31}}]},"61":{"line":634,"type":"if","locations":[{"start":{"line":634,"column":27},"end":{"line":634,"column":27}},{"start":{"line":634,"column":27},"end":{"line":634,"column":27}}]},"62":{"line":636,"type":"if","locations":[{"start":{"line":636,"column":27},"end":{"line":636,"column":27}},{"start":{"line":636,"column":27},"end":{"line":636,"column":27}}]},"63":{"line":657,"type":"if","locations":[{"start":{"line":657,"column":8},"end":{"line":657,"column":8}},{"start":{"line":657,"column":8},"end":{"line":657,"column":8}}]},"64":{"line":665,"type":"if","locations":[{"start":{"line":665,"column":4},"end":{"line":665,"column":4}},{"start":{"line":665,"column":4},"end":{"line":665,"column":4}}]},"65":{"line":665,"type":"binary-expr","locations":[{"start":{"line":665,"column":7},"end":{"line":665,"column":18}},{"start":{"line":665,"column":22},"end":{"line":665,"column":39}},{"start":{"line":665,"column":43},"end":{"line":665,"column":71}}]},"66":{"line":708,"type":"if","locations":[{"start":{"line":708,"column":12},"end":{"line":708,"column":12}},{"start":{"line":708,"column":12},"end":{"line":708,"column":12}}]},"67":{"line":711,"type":"if","locations":[{"start":{"line":711,"column":16},"end":{"line":711,"column":16}},{"start":{"line":711,"column":16},"end":{"line":711,"column":16}}]},"68":{"line":715,"type":"if","locations":[{"start":{"line":715,"column":24},"end":{"line":715,"column":24}},{"start":{"line":715,"column":24},"end":{"line":715,"column":24}}]},"69":{"line":724,"type":"if","locations":[{"start":{"line":724,"column":32},"end":{"line":724,"column":32}},{"start":{"line":724,"column":32},"end":{"line":724,"column":32}}]},"70":{"line":733,"type":"if","locations":[{"start":{"line":733,"column":32},"end":{"line":733,"column":32}},{"start":{"line":733,"column":32},"end":{"line":733,"column":32}}]},"71":{"line":738,"type":"if","locations":[{"start":{"line":738,"column":44},"end":{"line":738,"column":44}},{"start":{"line":738,"column":44},"end":{"line":738,"column":44}}]},"72":{"line":747,"type":"if","locations":[{"start":{"line":747,"column":23},"end":{"line":747,"column":23}},{"start":{"line":747,"column":23},"end":{"line":747,"column":23}}]},"73":{"line":755,"type":"if","locations":[{"start":{"line":755,"column":24},"end":{"line":755,"column":24}},{"start":{"line":755,"column":24},"end":{"line":755,"column":24}}]},"74":{"line":765,"type":"if","locations":[{"start":{"line":765,"column":23},"end":{"line":765,"column":23}},{"start":{"line":765,"column":23},"end":{"line":765,"column":23}}]},"75":{"line":767,"type":"if","locations":[{"start":{"line":767,"column":23},"end":{"line":767,"column":23}},{"start":{"line":767,"column":23},"end":{"line":767,"column":23}}]},"76":{"line":769,"type":"if","locations":[{"start":{"line":769,"column":23},"end":{"line":769,"column":23}},{"start":{"line":769,"column":23},"end":{"line":769,"column":23}}]},"77":{"line":824,"type":"if","locations":[{"start":{"line":824,"column":8},"end":{"line":824,"column":8}},{"start":{"line":824,"column":8},"end":{"line":824,"column":8}}]},"78":{"line":832,"type":"if","locations":[{"start":{"line":832,"column":4},"end":{"line":832,"column":4}},{"start":{"line":832,"column":4},"end":{"line":832,"column":4}}]},"79":{"line":832,"type":"binary-expr","locations":[{"start":{"line":832,"column":7},"end":{"line":832,"column":18}},{"start":{"line":832,"column":22},"end":{"line":832,"column":39}},{"start":{"line":832,"column":43},"end":{"line":832,"column":71}}]},"80":{"line":862,"type":"if","locations":[{"start":{"line":862,"column":8},"end":{"line":862,"column":8}},{"start":{"line":862,"column":8},"end":{"line":862,"column":8}}]},"81":{"line":862,"type":"binary-expr","locations":[{"start":{"line":862,"column":12},"end":{"line":862,"column":15}},{"start":{"line":862,"column":19},"end":{"line":862,"column":26}}]},"82":{"line":869,"type":"if","locations":[{"start":{"line":869,"column":16},"end":{"line":869,"column":16}},{"start":{"line":869,"column":16},"end":{"line":869,"column":16}}]},"83":{"line":870,"type":"if","locations":[{"start":{"line":870,"column":20},"end":{"line":870,"column":20}},{"start":{"line":870,"column":20},"end":{"line":870,"column":20}}]},"84":{"line":876,"type":"if","locations":[{"start":{"line":876,"column":28},"end":{"line":876,"column":28}},{"start":{"line":876,"column":28},"end":{"line":876,"column":28}}]},"85":{"line":882,"type":"if","locations":[{"start":{"line":882,"column":24},"end":{"line":882,"column":24}},{"start":{"line":882,"column":24},"end":{"line":882,"column":24}}]},"86":{"line":892,"type":"if","locations":[{"start":{"line":892,"column":24},"end":{"line":892,"column":24}},{"start":{"line":892,"column":24},"end":{"line":892,"column":24}}]},"87":{"line":900,"type":"if","locations":[{"start":{"line":900,"column":40},"end":{"line":900,"column":40}},{"start":{"line":900,"column":40},"end":{"line":900,"column":40}}]},"88":{"line":919,"type":"if","locations":[{"start":{"line":919,"column":8},"end":{"line":919,"column":8}},{"start":{"line":919,"column":8},"end":{"line":919,"column":8}}]},"89":{"line":922,"type":"if","locations":[{"start":{"line":922,"column":16},"end":{"line":922,"column":16}},{"start":{"line":922,"column":16},"end":{"line":922,"column":16}}]},"90":{"line":924,"type":"if","locations":[{"start":{"line":924,"column":19},"end":{"line":924,"column":19}},{"start":{"line":924,"column":19},"end":{"line":924,"column":19}}]},"91":{"line":926,"type":"if","locations":[{"start":{"line":926,"column":19},"end":{"line":926,"column":19}},{"start":{"line":926,"column":19},"end":{"line":926,"column":19}}]},"92":{"line":928,"type":"if","locations":[{"start":{"line":928,"column":23},"end":{"line":928,"column":23}},{"start":{"line":928,"column":23},"end":{"line":928,"column":23}}]},"93":{"line":930,"type":"if","locations":[{"start":{"line":930,"column":23},"end":{"line":930,"column":23}},{"start":{"line":930,"column":23},"end":{"line":930,"column":23}}]}}}}