TN:
SF:/home/jgrewe/projects/zenmusic/index.js
FN:52,fsStat
FN:70,(anonymous_2)
FN:75,(anonymous_3)
FN:88,(anonymous_4)
FN:212,(anonymous_5)
FN:219,(anonymous_6)
FN:227,_getVolume
FN:229,(anonymous_8)
FN:235,_setVolume
FN:253,(anonymous_10)
FN:261,_getQueue
FN:263,(anonymous_12)
FN:269,_showQueue
FN:270,(anonymous_14)
FN:282,(anonymous_15)
FN:286,(anonymous_16)
FN:306,_gong
FN:310,(anonymous_18)
FN:352,_gongcheck
FN:355,(anonymous_20)
FN:377,_ungong
FN:383,_previous
FN:389,(anonymous_23)
FN:394,_help
FN:418,_play
FN:424,(anonymous_26)
FN:425,(anonymous_27)
FN:434,_stop
FN:440,(anonymous_29)
FN:448,_flush
FN:454,(anonymous_31)
FN:464,_say
FN:473,(anonymous_33)
FN:479,_gongPlay
FN:480,(anonymous_35)
FN:486,_nextTrack
FN:492,(anonymous_37)
FN:501,_currentTrack
FN:502,(anonymous_39)
FN:530,_currentTrackTitle
FN:531,(anonymous_41)
FN:562,_append
FN:595,(anonymous_43)
FN:606,(anonymous_44)
FN:619,(anonymous_45)
FN:620,(anonymous_46)
FN:652,_add
FN:707,(anonymous_48)
FN:713,(anonymous_49)
FN:722,(anonymous_50)
FN:735,(anonymous_51)
FN:736,(anonymous_52)
FN:753,(anonymous_53)
FN:819,_search
FN:859,_vote
FN:861,(anonymous_56)
FN:898,(anonymous_57)
FN:899,(anonymous_58)
FN:917,_status
FN:918,(anonymous_60)
FN:979,(anonymous_61)
FNF:61
FNH:2
FNDA:1,fsStat
FNDA:0,(anonymous_2)
FNDA:0,(anonymous_3)
FNDA:0,(anonymous_4)
FNDA:0,(anonymous_5)
FNDA:0,(anonymous_6)
FNDA:0,_getVolume
FNDA:0,(anonymous_8)
FNDA:0,_setVolume
FNDA:0,(anonymous_10)
FNDA:0,_getQueue
FNDA:0,(anonymous_12)
FNDA:0,_showQueue
FNDA:0,(anonymous_14)
FNDA:0,(anonymous_15)
FNDA:0,(anonymous_16)
FNDA:0,_gong
FNDA:0,(anonymous_18)
FNDA:0,_gongcheck
FNDA:0,(anonymous_20)
FNDA:0,_ungong
FNDA:0,_previous
FNDA:0,(anonymous_23)
FNDA:0,_help
FNDA:0,_play
FNDA:0,(anonymous_26)
FNDA:0,(anonymous_27)
FNDA:0,_stop
FNDA:0,(anonymous_29)
FNDA:0,_flush
FNDA:0,(anonymous_31)
FNDA:0,_say
FNDA:0,(anonymous_33)
FNDA:0,_gongPlay
FNDA:0,(anonymous_35)
FNDA:0,_nextTrack
FNDA:0,(anonymous_37)
FNDA:0,_currentTrack
FNDA:0,(anonymous_39)
FNDA:0,_currentTrackTitle
FNDA:0,(anonymous_41)
FNDA:0,_append
FNDA:0,(anonymous_43)
FNDA:0,(anonymous_44)
FNDA:0,(anonymous_45)
FNDA:0,(anonymous_46)
FNDA:0,_add
FNDA:0,(anonymous_48)
FNDA:0,(anonymous_49)
FNDA:0,(anonymous_50)
FNDA:0,(anonymous_51)
FNDA:0,(anonymous_52)
FNDA:0,(anonymous_53)
FNDA:0,_search
FNDA:0,_vote
FNDA:0,(anonymous_56)
FNDA:0,(anonymous_57)
FNDA:0,(anonymous_58)
FNDA:0,_status
FNDA:0,(anonymous_60)
FNDA:8,(anonymous_61)
DA:1,1
DA:2,1
DA:3,1
DA:4,1
DA:7,1
DA:8,1
DA:9,1
DA:10,1
DA:11,1
DA:12,1
DA:13,1
DA:14,1
DA:15,1
DA:17,1
DA:19,1
DA:20,1
DA:21,1
DA:22,1
DA:23,1
DA:25,1
DA:26,1
DA:27,1
DA:29,1
DA:52,1
DA:53,1
DA:54,1
DA:58,1
DA:59,1
DA:60,1
DA:62,1
DA:70,1
DA:71,0
DA:72,0
DA:73,0
DA:75,0
DA:76,0
DA:77,0
DA:78,0
DA:79,0
DA:80,0
DA:81,0
DA:82,0
DA:85,0
DA:88,0
DA:89,0
DA:90,0
DA:91,0
DA:92,0
DA:93,0
DA:94,0
DA:95,0
DA:98,0
DA:106,0
DA:109,0
DA:115,1
DA:116,0
DA:118,0
DA:119,0
DA:120,0
DA:121,0
DA:122,0
DA:123,0
DA:124,0
DA:125,0
DA:126,0
DA:129,0
DA:130,0
DA:131,0
DA:132,0
DA:133,0
DA:134,0
DA:138,0
DA:139,0
DA:140,0
DA:141,0
DA:143,0
DA:144,0
DA:146,0
DA:147,0
DA:149,0
DA:150,0
DA:152,0
DA:153,0
DA:155,0
DA:156,0
DA:158,0
DA:159,0
DA:161,0
DA:162,0
DA:164,0
DA:165,0
DA:167,0
DA:168,0
DA:171,0
DA:172,0
DA:174,0
DA:175,0
DA:177,0
DA:178,0
DA:181,0
DA:183,0
DA:184,0
DA:186,0
DA:187,0
DA:189,0
DA:190,0
DA:194,0
DA:195,0
DA:197,0
DA:198,0
DA:200,0
DA:201,0
DA:203,0
DA:204,0
DA:206,0
DA:209,0
DA:210,0
DA:211,0
DA:212,0
DA:213,0
DA:215,0
DA:219,1
DA:220,0
DA:223,1
DA:227,1
DA:229,0
DA:230,0
DA:231,0
DA:235,1
DA:236,0
DA:237,0
DA:238,0
DA:239,0
DA:242,0
DA:244,0
DA:245,0
DA:246,0
DA:248,0
DA:249,0
DA:250,0
DA:251,0
DA:253,0
DA:254,0
DA:261,1
DA:262,0
DA:263,0
DA:264,0
DA:266,0
DA:269,1
DA:270,0
DA:271,0
DA:272,0
DA:273,0
DA:275,0
DA:276,0
DA:279,0
DA:280,0
DA:282,0
DA:283,0
DA:285,0
DA:287,0
DA:288,0
DA:289,0
DA:290,0
DA:292,0
DA:293,0
DA:297,0
DA:306,1
DA:308,0
DA:310,0
DA:311,0
DA:314,0
DA:315,0
DA:316,0
DA:317,0
DA:318,0
DA:319,0
DA:322,0
DA:323,0
DA:324,0
DA:325,0
DA:326,0
DA:327,0
DA:329,0
DA:330,0
DA:331,0
DA:334,0
DA:335,0
DA:337,0
DA:338,0
DA:339,0
DA:340,0
DA:341,0
DA:343,0
DA:344,0
DA:345,0
DA:352,1
DA:353,0
DA:355,0
DA:356,0
DA:358,0
DA:360,0
DA:361,0
DA:362,0
DA:363,0
DA:365,0
DA:369,0
DA:370,0
DA:377,1
DA:378,0
DA:379,0
DA:383,1
DA:384,0
DA:385,0
DA:386,0
DA:387,0
DA:389,0
DA:390,0
DA:394,1
DA:395,0
DA:415,0
DA:418,1
DA:419,0
DA:420,0
DA:421,0
DA:422,0
DA:424,0
DA:425,0
DA:426,0
DA:427,0
DA:428,0
DA:434,1
DA:435,0
DA:436,0
DA:437,0
DA:438,0
DA:440,0
DA:441,0
DA:442,0
DA:443,0
DA:448,1
DA:449,0
DA:450,0
DA:451,0
DA:452,0
DA:454,0
DA:455,0
DA:456,0
DA:457,0
DA:464,1
DA:465,0
DA:467,0
DA:471,0
DA:473,0
DA:474,0
DA:479,1
DA:480,0
DA:481,0
DA:486,1
DA:487,0
DA:488,0
DA:489,0
DA:490,0
DA:492,0
DA:493,0
DA:494,0
DA:496,0
DA:501,1
DA:502,0
DA:503,0
DA:504,0
DA:505,0
DA:506,0
DA:509,0
DA:510,0
DA:512,0
DA:513,0
DA:514,0
DA:515,0
DA:516,0
DA:518,0
DA:519,0
DA:520,0
DA:521,0
DA:524,0
DA:525,0
DA:530,1
DA:531,0
DA:532,0
DA:533,0
DA:534,0
DA:536,0
DA:537,0
DA:538,0
DA:540,0
DA:541,0
DA:542,0
DA:543,0
DA:544,0
DA:548,0
DA:551,0
DA:554,0
DA:558,0
DA:562,1
DA:564,0
DA:565,0
DA:566,0
DA:567,0
DA:568,0
DA:572,0
DA:573,0
DA:574,0
DA:575,0
DA:576,0
DA:577,0
DA:578,0
DA:580,0
DA:581,0
DA:595,0
DA:596,0
DA:597,0
DA:599,0
DA:606,0
DA:607,0
DA:608,0
DA:609,0
DA:610,0
DA:611,0
DA:613,0
DA:614,0
DA:616,0
DA:617,0
DA:619,0
DA:620,0
DA:621,0
DA:622,0
DA:623,0
DA:629,0
DA:631,0
DA:632,0
DA:633,0
DA:634,0
DA:635,0
DA:636,0
DA:637,0
DA:639,0
DA:644,0
DA:652,1
DA:654,0
DA:655,0
DA:656,0
DA:657,0
DA:658,0
DA:662,0
DA:663,0
DA:664,0
DA:665,0
DA:666,0
DA:667,0
DA:668,0
DA:670,0
DA:671,0
DA:707,0
DA:708,0
DA:709,0
DA:711,0
DA:713,0
DA:714,0
DA:715,0
DA:716,0
DA:722,0
DA:723,0
DA:724,0
DA:725,0
DA:726,0
DA:727,0
DA:729,0
DA:730,0
DA:732,0
DA:733,0
DA:735,0
DA:736,0
DA:737,0
DA:738,0
DA:739,0
DA:747,0
DA:753,0
DA:754,0
DA:755,0
DA:756,0
DA:757,0
DA:758,0
DA:760,0
DA:761,0
DA:763,0
DA:765,0
DA:766,0
DA:767,0
DA:768,0
DA:769,0
DA:770,0
DA:772,0
DA:777,0
DA:819,1
DA:821,0
DA:822,0
DA:823,0
DA:824,0
DA:825,0
DA:829,0
DA:830,0
DA:831,0
DA:832,0
DA:833,0
DA:835,0
DA:837,0
DA:838,0
DA:839,0
DA:841,0
DA:842,0
DA:844,0
DA:849,0
DA:850,0
DA:853,0
DA:859,1
DA:860,0
DA:861,0
DA:862,0
DA:863,0
DA:864,0
DA:866,0
DA:868,0
DA:869,0
DA:870,0
DA:872,0
DA:873,0
DA:874,0
DA:876,0
DA:878,0
DA:882,0
DA:884,0
DA:885,0
DA:888,0
DA:889,0
DA:890,0
DA:892,0
DA:894,0
DA:895,0
DA:897,0
DA:899,0
DA:900,0
DA:901,0
DA:907,0
DA:908,0
DA:910,0
DA:917,1
DA:918,0
DA:919,0
DA:920,0
DA:922,0
DA:923,0
DA:924,0
DA:925,0
DA:926,0
DA:927,0
DA:928,0
DA:929,0
DA:930,0
DA:931,0
DA:933,0
DA:979,1
DA:980,8
LF:472
LH:58
BRDA:53,1,0,1
BRDA:53,1,1,0
BRDA:81,2,0,0
BRDA:81,2,1,0
BRDA:94,3,0,0
BRDA:94,3,1,0
BRDA:94,4,0,0
BRDA:94,4,1,0
BRDA:122,5,0,0
BRDA:122,5,1,0
BRDA:122,6,0,0
BRDA:122,6,1,0
BRDA:123,7,0,0
BRDA:123,7,1,0
BRDA:124,8,0,0
BRDA:124,8,1,0
BRDA:124,9,0,0
BRDA:124,9,1,0
BRDA:126,10,0,0
BRDA:126,10,1,0
BRDA:126,11,0,0
BRDA:126,11,1,0
BRDA:126,11,2,0
BRDA:129,12,0,0
BRDA:129,12,1,0
BRDA:131,13,0,0
BRDA:131,13,1,0
BRDA:141,14,0,0
BRDA:141,14,1,0
BRDA:141,14,2,0
BRDA:141,14,3,0
BRDA:141,14,4,0
BRDA:141,14,5,0
BRDA:141,14,6,0
BRDA:141,14,7,0
BRDA:141,14,8,0
BRDA:141,14,9,0
BRDA:141,14,10,0
BRDA:141,14,11,0
BRDA:141,14,12,0
BRDA:141,14,13,0
BRDA:141,14,14,0
BRDA:141,14,15,0
BRDA:141,14,16,0
BRDA:141,14,17,0
BRDA:141,14,18,0
BRDA:141,14,19,0
BRDA:141,14,20,0
BRDA:141,14,21,0
BRDA:141,14,22,0
BRDA:141,14,23,0
BRDA:209,15,0,0
BRDA:209,15,1,0
BRDA:210,16,0,0
BRDA:210,16,1,0
BRDA:211,17,0,0
BRDA:211,17,1,0
BRDA:236,18,0,0
BRDA:236,18,1,0
BRDA:244,19,0,0
BRDA:244,19,1,0
BRDA:250,20,0,0
BRDA:250,20,1,0
BRDA:271,21,0,0
BRDA:271,21,1,0
BRDA:272,22,0,0
BRDA:272,22,1,0
BRDA:279,23,0,0
BRDA:279,23,1,0
BRDA:288,24,0,0
BRDA:288,24,1,0
BRDA:322,25,0,0
BRDA:322,25,1,0
BRDA:326,26,0,0
BRDA:326,26,1,0
BRDA:334,27,0,0
BRDA:334,27,1,0
BRDA:340,28,0,0
BRDA:340,28,1,0
BRDA:362,29,0,0
BRDA:362,29,1,0
BRDA:369,30,0,0
BRDA:369,30,1,0
BRDA:384,31,0,0
BRDA:384,31,1,0
BRDA:419,32,0,0
BRDA:419,32,1,0
BRDA:427,33,0,0
BRDA:427,33,1,0
BRDA:435,34,0,0
BRDA:435,34,1,0
BRDA:442,35,0,0
BRDA:442,35,1,0
BRDA:449,36,0,0
BRDA:449,36,1,0
BRDA:456,37,0,0
BRDA:456,37,1,0
BRDA:487,38,0,0
BRDA:487,38,1,0
BRDA:487,39,0,0
BRDA:487,39,1,0
BRDA:493,40,0,0
BRDA:493,40,1,0
BRDA:503,41,0,0
BRDA:503,41,1,0
BRDA:505,42,0,0
BRDA:505,42,1,0
BRDA:509,43,0,0
BRDA:509,43,1,0
BRDA:514,44,0,0
BRDA:514,44,1,0
BRDA:516,45,0,0
BRDA:516,45,1,0
BRDA:519,46,0,0
BRDA:519,46,1,0
BRDA:521,47,0,0
BRDA:521,47,1,0
BRDA:533,48,0,0
BRDA:533,48,1,0
BRDA:540,49,0,0
BRDA:540,49,1,0
BRDA:541,50,0,0
BRDA:541,50,1,0
BRDA:567,51,0,0
BRDA:567,51,1,0
BRDA:575,52,0,0
BRDA:575,52,1,0
BRDA:575,53,0,0
BRDA:575,53,1,0
BRDA:596,54,0,0
BRDA:596,54,1,0
BRDA:599,55,0,0
BRDA:599,55,1,0
BRDA:608,56,0,0
BRDA:608,56,1,0
BRDA:617,57,0,0
BRDA:617,57,1,0
BRDA:622,58,0,0
BRDA:622,58,1,0
BRDA:629,59,0,0
BRDA:629,59,1,0
BRDA:632,60,0,0
BRDA:632,60,1,0
BRDA:634,61,0,0
BRDA:634,61,1,0
BRDA:636,62,0,0
BRDA:636,62,1,0
BRDA:657,63,0,0
BRDA:657,63,1,0
BRDA:665,64,0,0
BRDA:665,64,1,0
BRDA:665,65,0,0
BRDA:665,65,1,0
BRDA:665,65,2,0
BRDA:708,66,0,0
BRDA:708,66,1,0
BRDA:711,67,0,0
BRDA:711,67,1,0
BRDA:715,68,0,0
BRDA:715,68,1,0
BRDA:724,69,0,0
BRDA:724,69,1,0
BRDA:733,70,0,0
BRDA:733,70,1,0
BRDA:738,71,0,0
BRDA:738,71,1,0
BRDA:747,72,0,0
BRDA:747,72,1,0
BRDA:755,73,0,0
BRDA:755,73,1,0
BRDA:765,74,0,0
BRDA:765,74,1,0
BRDA:767,75,0,0
BRDA:767,75,1,0
BRDA:769,76,0,0
BRDA:769,76,1,0
BRDA:824,77,0,0
BRDA:824,77,1,0
BRDA:832,78,0,0
BRDA:832,78,1,0
BRDA:832,79,0,0
BRDA:832,79,1,0
BRDA:832,79,2,0
BRDA:862,80,0,0
BRDA:862,80,1,0
BRDA:862,81,0,0
BRDA:862,81,1,0
BRDA:869,82,0,0
BRDA:869,82,1,0
BRDA:870,83,0,0
BRDA:870,83,1,0
BRDA:876,84,0,0
BRDA:876,84,1,0
BRDA:882,85,0,0
BRDA:882,85,1,0
BRDA:892,86,0,0
BRDA:892,86,1,0
BRDA:900,87,0,0
BRDA:900,87,1,0
BRDA:919,88,0,0
BRDA:919,88,1,0
BRDA:922,89,0,0
BRDA:922,89,1,0
BRDA:924,90,0,0
BRDA:924,90,1,0
BRDA:926,91,0,0
BRDA:926,91,1,0
BRDA:928,92,0,0
BRDA:928,92,1,0
BRDA:930,93,0,0
BRDA:930,93,1,0
BRF:211
BRH:1
end_of_record
